<?xml version="1.0" encoding="UTF-8"?>
<testsuite xmlns:xsi="http://www.w3.org/2001/XMLSchema-instance" xsi:noNamespaceSchemaLocation="https://maven.apache.org/surefire/maven-surefire-plugin/xsd/surefire-test-report.xsd" name="com.webcheckers.model.BoardViewTest" time="0.032" tests="4" errors="0" skipped="0" failures="0">
  <properties>
[...]
</properties>
  <testcase name="makeNewBoardViewTest" classname="com.webcheckers.model.BoardViewTest" time="0.017"/>
  <testcase name="iteratorTest" classname="com.webcheckers.model.BoardViewTest" time="0.006"/>
  <testcase name="makeNewBoardTest" classname="com.webcheckers.model.BoardViewTest" time="0"/>
  <testcase name="flipTest" classname="com.webcheckers.model.BoardViewTest" time="0.005"/>
</testsuite>